<?xml version="1.0" encoding="UTF-8"?>
<!-- Generated by org.testng.reporters.JUnitReportReporter -->
<testsuite skipped="0" hostname="MUMW7L249" name="com.lcec.automationScript.userManger.SearchManagerScriptDemo" tests="61" failures="0" timestamp="19 Apr 2017 11:16:30 GMT" time="158.844" errors="0">
  <testcase name="grantAdministratorPermissionsTest" time="0.063" classname="com.lcec.automationScript.userManger.SearchManagerScriptDemo"/>
  <testcase name="grantAdministratorPermissionsTest" time="0.054" classname="com.lcec.automationScript.userManger.SearchManagerScriptDemo"/>
  <testcase name="grantAdministratorPermissionsTest" time="0.094" classname="com.lcec.automationScript.userManger.SearchManagerScriptDemo"/>
  <testcase name="grantAdministratorPermissionsTest" time="0.042" classname="com.lcec.automationScript.userManger.SearchManagerScriptDemo"/>
  <testcase name="grantAdministratorPermissionsTest" time="0.055" classname="com.lcec.automationScript.userManger.SearchManagerScriptDemo"/>
  <testcase name="grantAdministratorPermissionsTest" time="0.050" classname="com.lcec.automationScript.userManger.SearchManagerScriptDemo"/>
  <testcase name="grantAdministratorPermissionsTest" time="0.035" classname="com.lcec.automationScript.userManger.SearchManagerScriptDemo"/>
  <testcase name="grantAdministratorPermissionsTest" time="0.037" classname="com.lcec.automationScript.userManger.SearchManagerScriptDemo"/>
  <testcase name="grantAdministratorPermissionsTest" time="0.039" classname="com.lcec.automationScript.userManger.SearchManagerScriptDemo"/>
  <testcase name="grantAdministratorPermissionsTest" time="0.040" classname="com.lcec.automationScript.userManger.SearchManagerScriptDemo"/>
  <testcase name="grantAdministratorPermissionsTest" time="0.038" classname="com.lcec.automationScript.userManger.SearchManagerScriptDemo"/>
  <testcase name="grantAdministratorPermissionsTest" time="0.046" classname="com.lcec.automationScript.userManger.SearchManagerScriptDemo"/>
  <testcase name="grantAdministratorPermissionsTest" time="0.019" classname="com.lcec.automationScript.userManger.SearchManagerScriptDemo"/>
  <testcase name="grantAdministratorPermissionsTest" time="0.039" classname="com.lcec.automationScript.userManger.SearchManagerScriptDemo"/>
  <testcase name="grantAdministratorPermissionsTest" time="0.061" classname="com.lcec.automationScript.userManger.SearchManagerScriptDemo"/>
  <testcase name="grantAdministratorPermissionsTest" time="0.031" classname="com.lcec.automationScript.userManger.SearchManagerScriptDemo"/>
  <testcase name="grantAdministratorPermissionsTest" time="0.063" classname="com.lcec.automationScript.userManger.SearchManagerScriptDemo"/>
  <testcase name="grantAdministratorPermissionsTest" time="0.377" classname="com.lcec.automationScript.userManger.SearchManagerScriptDemo"/>
  <testcase name="grantAdministratorPermissionsTest" time="0.033" classname="com.lcec.automationScript.userManger.SearchManagerScriptDemo"/>
  <testcase name="grantAdministratorPermissionsTest" time="0.063" classname="com.lcec.automationScript.userManger.SearchManagerScriptDemo"/>
  <testcase name="grantAdministratorPermissionsTest" time="0.046" classname="com.lcec.automationScript.userManger.SearchManagerScriptDemo"/>
  <testcase name="grantAdministratorPermissionsTest" time="0.043" classname="com.lcec.automationScript.userManger.SearchManagerScriptDemo"/>
  <testcase name="grantAdministratorPermissionsTest" time="0.074" classname="com.lcec.automationScript.userManger.SearchManagerScriptDemo"/>
  <testcase name="grantAdministratorPermissionsTest" time="0.051" classname="com.lcec.automationScript.userManger.SearchManagerScriptDemo"/>
  <testcase name="grantAdministratorPermissionsTest" time="0.056" classname="com.lcec.automationScript.userManger.SearchManagerScriptDemo"/>
  <testcase name="getRestPasswordTest" time="30.301" classname="com.lcec.automationScript.userManger.SearchManagerScriptDemo"/>
  <testcase name="grantAdministratorPermissionsTest" time="0.065" classname="com.lcec.automationScript.userManger.SearchManagerScriptDemo"/>
  <testcase name="grantAdministratorPermissionsTest" time="0.040" classname="com.lcec.automationScript.userManger.SearchManagerScriptDemo"/>
  <testcase name="grantAdministratorPermissionsTest" time="0.019" classname="com.lcec.automationScript.userManger.SearchManagerScriptDemo"/>
  <testcase name="grantAdministratorPermissionsTest" time="0.026" classname="com.lcec.automationScript.userManger.SearchManagerScriptDemo"/>
  <testcase name="grantAdministratorPermissionsTest" time="0.029" classname="com.lcec.automationScript.userManger.SearchManagerScriptDemo"/>
  <testcase name="grantAdministratorPermissionsTest" time="0.068" classname="com.lcec.automationScript.userManger.SearchManagerScriptDemo"/>
  <testcase name="grantAdministratorPermissionsTest" time="0.031" classname="com.lcec.automationScript.userManger.SearchManagerScriptDemo"/>
  <testcase name="grantAdministratorPermissionsTest" time="0.050" classname="com.lcec.automationScript.userManger.SearchManagerScriptDemo"/>
  <testcase name="grantAdministratorPermissionsTest" time="0.074" classname="com.lcec.automationScript.userManger.SearchManagerScriptDemo"/>
  <testcase name="grantAdministratorPermissionsTest" time="0.050" classname="com.lcec.automationScript.userManger.SearchManagerScriptDemo"/>
  <testcase name="grantAdministratorPermissionsTest" time="0.038" classname="com.lcec.automationScript.userManger.SearchManagerScriptDemo"/>
  <testcase name="grantAdministratorPermissionsTest" time="0.050" classname="com.lcec.automationScript.userManger.SearchManagerScriptDemo"/>
  <testcase name="grantAdministratorPermissionsTest" time="0.038" classname="com.lcec.automationScript.userManger.SearchManagerScriptDemo"/>
  <testcase name="grantAdministratorPermissionsTest" time="0.050" classname="com.lcec.automationScript.userManger.SearchManagerScriptDemo"/>
  <testcase name="grantAdministratorPermissionsTest" time="0.033" classname="com.lcec.automationScript.userManger.SearchManagerScriptDemo"/>
  <testcase name="grantAdministratorPermissionsTest" time="0.037" classname="com.lcec.automationScript.userManger.SearchManagerScriptDemo"/>
  <testcase name="grantAdministratorPermissionsTest" time="0.032" classname="com.lcec.automationScript.userManger.SearchManagerScriptDemo"/>
  <testcase name="grantAdministratorPermissionsTest" time="0.042" classname="com.lcec.automationScript.userManger.SearchManagerScriptDemo"/>
  <testcase name="grantAdministratorPermissionsTest" time="0.064" classname="com.lcec.automationScript.userManger.SearchManagerScriptDemo"/>
  <testcase name="grantAdministratorPermissionsTest" time="0.024" classname="com.lcec.automationScript.userManger.SearchManagerScriptDemo"/>
  <testcase name="searchUserTest" time="35.512" classname="com.lcec.automationScript.userManger.SearchManagerScriptDemo"/>
  <testcase name="grantAdministratorPermissionsTest" time="0.044" classname="com.lcec.automationScript.userManger.SearchManagerScriptDemo"/>
  <testcase name="grantAdministratorPermissionsTest" time="0.057" classname="com.lcec.automationScript.userManger.SearchManagerScriptDemo"/>
  <testcase name="grantAdministratorPermissionsTest" time="0.065" classname="com.lcec.automationScript.userManger.SearchManagerScriptDemo"/>
  <testcase name="grantAdministratorPermissionsTest" time="0.054" classname="com.lcec.automationScript.userManger.SearchManagerScriptDemo"/>
  <testcase name="grantAdministratorPermissionsTest" time="0.340" classname="com.lcec.automationScript.userManger.SearchManagerScriptDemo"/>
  <testcase name="grantAdministratorPermissionsTest" time="0.047" classname="com.lcec.automationScript.userManger.SearchManagerScriptDemo"/>
  <testcase name="grantAdministratorPermissionsTest" time="0.063" classname="com.lcec.automationScript.userManger.SearchManagerScriptDemo"/>
  <testcase name="grantAdministratorPermissionsTest" time="0.040" classname="com.lcec.automationScript.userManger.SearchManagerScriptDemo"/>
  <testcase name="grantAdministratorPermissionsTest" time="0.035" classname="com.lcec.automationScript.userManger.SearchManagerScriptDemo"/>
  <testcase name="grantAdministratorPermissionsTest" time="0.070" classname="com.lcec.automationScript.userManger.SearchManagerScriptDemo"/>
  <testcase name="grantAdministratorPermissionsTest" time="0.054" classname="com.lcec.automationScript.userManger.SearchManagerScriptDemo"/>
  <testcase name="grantAdministratorPermissionsTest" time="0.049" classname="com.lcec.automationScript.userManger.SearchManagerScriptDemo"/>
  <testcase name="allPermisionSendToDataSheet" time="89.652" classname="com.lcec.automationScript.userManger.SearchManagerScriptDemo"/>
  <testcase name="grantAdministratorPermissionsTest" time="0.052" classname="com.lcec.automationScript.userManger.SearchManagerScriptDemo"/>
</testsuite> <!-- com.lcec.automationScript.userManger.SearchManagerScriptDemo -->
