<?xml version="1.0" encoding="UTF-8"?>
<!-- Generated by org.testng.reporters.JUnitReportReporter -->
<testsuite skipped="0" hostname="MUMW7L249" name="com.vc.automationScript.UserManager_SmokeTest" tests="4" failures="0" timestamp="18 Apr 2017 12:44:27 GMT" time="126.399" errors="0">
  <testcase name="requiredFieldTest" time="18.597" classname="com.vc.automationScript.UserManager_SmokeTest"/>
  <testcase name="loginCEC_Test" time="4.724" classname="com.vc.automationScript.UserManager_SmokeTest"/>
  <testcase name="backButtionTest" time="23.272" classname="com.vc.automationScript.UserManager_SmokeTest"/>
  <testcase name="createNewUserTest" time="79.806" classname="com.vc.automationScript.UserManager_SmokeTest"/>
</testsuite> <!-- com.vc.automationScript.UserManager_SmokeTest -->
