<?xml version="1.0" encoding="UTF-8"?>
<!-- Generated by org.testng.reporters.JUnitReportReporter -->
<testsuite skipped="0" hostname="MUMW7L249" name="com.lcec.automationScript.userManger.JustTest" tests="1" failures="0" timestamp="19 Apr 2017 06:20:46 GMT" time="0.011" errors="0">
  <testcase name="getData" time="0.011" classname="com.lcec.automationScript.userManger.JustTest"/>
</testsuite> <!-- com.lcec.automationScript.userManger.JustTest -->
