<?xml version="1.0" encoding="UTF-8"?>
<!-- Generated by org.testng.reporters.JUnitReportReporter -->
<testsuite skipped="0" hostname="MUMW7L249" name="com.lcec.automationScript.userManger.SearchManagerScript" tests="61" failures="0" timestamp="19 Apr 2017 12:27:49 GMT" time="157.129" errors="0">
  <testcase name="grantAdministratorPermissionsTest" time="0.034" classname="com.lcec.automationScript.userManger.SearchManagerScript"/>
  <testcase name="grantAdministratorPermissionsTest" time="0.024" classname="com.lcec.automationScript.userManger.SearchManagerScript"/>
  <testcase name="grantAdministratorPermissionsTest" time="0.021" classname="com.lcec.automationScript.userManger.SearchManagerScript"/>
  <testcase name="grantAdministratorPermissionsTest" time="0.064" classname="com.lcec.automationScript.userManger.SearchManagerScript"/>
  <testcase name="grantAdministratorPermissionsTest" time="0.031" classname="com.lcec.automationScript.userManger.SearchManagerScript"/>
  <testcase name="grantAdministratorPermissionsTest" time="0.027" classname="com.lcec.automationScript.userManger.SearchManagerScript"/>
  <testcase name="grantAdministratorPermissionsTest" time="0.054" classname="com.lcec.automationScript.userManger.SearchManagerScript"/>
  <testcase name="grantAdministratorPermissionsTest" time="0.045" classname="com.lcec.automationScript.userManger.SearchManagerScript"/>
  <testcase name="grantAdministratorPermissionsTest" time="0.023" classname="com.lcec.automationScript.userManger.SearchManagerScript"/>
  <testcase name="grantAdministratorPermissionsTest" time="0.042" classname="com.lcec.automationScript.userManger.SearchManagerScript"/>
  <testcase name="grantAdministratorPermissionsTest" time="0.090" classname="com.lcec.automationScript.userManger.SearchManagerScript"/>
  <testcase name="grantAdministratorPermissionsTest" time="0.051" classname="com.lcec.automationScript.userManger.SearchManagerScript"/>
  <testcase name="grantAdministratorPermissionsTest" time="0.040" classname="com.lcec.automationScript.userManger.SearchManagerScript"/>
  <testcase name="grantAdministratorPermissionsTest" time="0.030" classname="com.lcec.automationScript.userManger.SearchManagerScript"/>
  <testcase name="grantAdministratorPermissionsTest" time="0.025" classname="com.lcec.automationScript.userManger.SearchManagerScript"/>
  <testcase name="grantAdministratorPermissionsTest" time="0.080" classname="com.lcec.automationScript.userManger.SearchManagerScript"/>
  <testcase name="grantAdministratorPermissionsTest" time="0.046" classname="com.lcec.automationScript.userManger.SearchManagerScript"/>
  <testcase name="grantAdministratorPermissionsTest" time="0.026" classname="com.lcec.automationScript.userManger.SearchManagerScript"/>
  <testcase name="grantAdministratorPermissionsTest" time="0.036" classname="com.lcec.automationScript.userManger.SearchManagerScript"/>
  <testcase name="grantAdministratorPermissionsTest" time="0.020" classname="com.lcec.automationScript.userManger.SearchManagerScript"/>
  <testcase name="grantAdministratorPermissionsTest" time="0.027" classname="com.lcec.automationScript.userManger.SearchManagerScript"/>
  <testcase name="grantAdministratorPermissionsTest" time="0.042" classname="com.lcec.automationScript.userManger.SearchManagerScript"/>
  <testcase name="grantAdministratorPermissionsTest" time="0.027" classname="com.lcec.automationScript.userManger.SearchManagerScript"/>
  <testcase name="grantAdministratorPermissionsTest" time="0.049" classname="com.lcec.automationScript.userManger.SearchManagerScript"/>
  <testcase name="grantAdministratorPermissionsTest" time="0.050" classname="com.lcec.automationScript.userManger.SearchManagerScript"/>
  <testcase name="grantAdministratorPermissionsTest" time="0.050" classname="com.lcec.automationScript.userManger.SearchManagerScript"/>
  <testcase name="grantAdministratorPermissionsTest" time="0.049" classname="com.lcec.automationScript.userManger.SearchManagerScript"/>
  <testcase name="grantAdministratorPermissionsTest" time="0.062" classname="com.lcec.automationScript.userManger.SearchManagerScript"/>
  <testcase name="grantAdministratorPermissionsTest" time="0.035" classname="com.lcec.automationScript.userManger.SearchManagerScript"/>
  <testcase name="grantAdministratorPermissionsTest" time="0.023" classname="com.lcec.automationScript.userManger.SearchManagerScript"/>
  <testcase name="grantAdministratorPermissionsTest" time="0.034" classname="com.lcec.automationScript.userManger.SearchManagerScript"/>
  <testcase name="grantAdministratorPermissionsTest" time="0.054" classname="com.lcec.automationScript.userManger.SearchManagerScript"/>
  <testcase name="grantAdministratorPermissionsTest" time="0.026" classname="com.lcec.automationScript.userManger.SearchManagerScript"/>
  <testcase name="grantAdministratorPermissionsTest" time="0.036" classname="com.lcec.automationScript.userManger.SearchManagerScript"/>
  <testcase name="grantAdministratorPermissionsTest" time="0.053" classname="com.lcec.automationScript.userManger.SearchManagerScript"/>
  <testcase name="grantAdministratorPermissionsTest" time="0.044" classname="com.lcec.automationScript.userManger.SearchManagerScript"/>
  <testcase name="grantAdministratorPermissionsTest" time="0.038" classname="com.lcec.automationScript.userManger.SearchManagerScript"/>
  <testcase name="grantAdministratorPermissionsTest" time="0.028" classname="com.lcec.automationScript.userManger.SearchManagerScript"/>
  <testcase name="grantAdministratorPermissionsTest" time="0.055" classname="com.lcec.automationScript.userManger.SearchManagerScript"/>
  <testcase name="grantAdministratorPermissionsTest" time="0.051" classname="com.lcec.automationScript.userManger.SearchManagerScript"/>
  <testcase name="grantAdministratorPermissionsTest" time="0.054" classname="com.lcec.automationScript.userManger.SearchManagerScript"/>
  <testcase name="grantAdministratorPermissionsTest" time="0.035" classname="com.lcec.automationScript.userManger.SearchManagerScript"/>
  <testcase name="searchUserTest" time="31.807" classname="com.lcec.automationScript.userManger.SearchManagerScript"/>
  <testcase name="grantAdministratorPermissionsTest" time="0.033" classname="com.lcec.automationScript.userManger.SearchManagerScript"/>
  <testcase name="grantAdministratorPermissionsTest" time="0.032" classname="com.lcec.automationScript.userManger.SearchManagerScript"/>
  <testcase name="getRestPasswordTest" time="32.195" classname="com.lcec.automationScript.userManger.SearchManagerScript"/>
  <testcase name="allPermisionSendToDataSheet" time="90.872" classname="com.lcec.automationScript.userManger.SearchManagerScript"/>
  <testcase name="grantAdministratorPermissionsTest" time="0.031" classname="com.lcec.automationScript.userManger.SearchManagerScript"/>
  <testcase name="grantAdministratorPermissionsTest" time="0.033" classname="com.lcec.automationScript.userManger.SearchManagerScript"/>
  <testcase name="grantAdministratorPermissionsTest" time="0.029" classname="com.lcec.automationScript.userManger.SearchManagerScript"/>
  <testcase name="grantAdministratorPermissionsTest" time="0.022" classname="com.lcec.automationScript.userManger.SearchManagerScript"/>
  <testcase name="grantAdministratorPermissionsTest" time="0.038" classname="com.lcec.automationScript.userManger.SearchManagerScript"/>
  <testcase name="grantAdministratorPermissionsTest" time="0.032" classname="com.lcec.automationScript.userManger.SearchManagerScript"/>
  <testcase name="grantAdministratorPermissionsTest" time="0.037" classname="com.lcec.automationScript.userManger.SearchManagerScript"/>
  <testcase name="grantAdministratorPermissionsTest" time="0.040" classname="com.lcec.automationScript.userManger.SearchManagerScript"/>
  <testcase name="grantAdministratorPermissionsTest" time="0.037" classname="com.lcec.automationScript.userManger.SearchManagerScript"/>
  <testcase name="grantAdministratorPermissionsTest" time="0.012" classname="com.lcec.automationScript.userManger.SearchManagerScript"/>
  <testcase name="grantAdministratorPermissionsTest" time="0.022" classname="com.lcec.automationScript.userManger.SearchManagerScript"/>
  <testcase name="grantAdministratorPermissionsTest" time="0.031" classname="com.lcec.automationScript.userManger.SearchManagerScript"/>
  <testcase name="grantAdministratorPermissionsTest" time="0.049" classname="com.lcec.automationScript.userManger.SearchManagerScript"/>
  <testcase name="grantAdministratorPermissionsTest" time="0.046" classname="com.lcec.automationScript.userManger.SearchManagerScript"/>
</testsuite> <!-- com.lcec.automationScript.userManger.SearchManagerScript -->
