<?xml version="1.0" encoding="UTF-8"?>
<!-- Generated by org.testng.reporters.JUnitReportReporter -->
<testsuite skipped="0" hostname="MUMW7L249" name="com.vc.automationScript.RestPassword" tests="1" failures="0" timestamp="18 Apr 2017 13:24:01 GMT" time="10.112" errors="0">
  <testcase name="restPasswordTest" time="10.112" classname="com.vc.automationScript.RestPassword"/>
</testsuite> <!-- com.vc.automationScript.RestPassword -->
