<?xml version="1.0" encoding="UTF-8"?>
<!-- Generated by org.testng.reporters.JUnitReportReporter -->
<testsuite skipped="0" hostname="MUMW7L249" name="com.vc.automationScript.SearchManager" tests="2" failures="0" timestamp="17 Apr 2017 15:58:58 GMT" time="99.429" errors="0">
  <testcase name="searchUserTest" time="29.425" classname="com.vc.automationScript.SearchManager"/>
  <testcase name="grantAdministratorPermissionsTest" time="70.004" classname="com.vc.automationScript.SearchManager"/>
</testsuite> <!-- com.vc.automationScript.SearchManager -->
