<?xml version="1.0" encoding="UTF-8"?>
<!-- Generated by org.testng.reporters.JUnitReportReporter -->
<testsuite skipped="0" hostname="MUMW7L249" name="com.vc.automationScript.JustTestFramework" tests="1" failures="0" timestamp="12 Apr 2017 12:51:14 GMT" time="9.619" errors="0">
  <testcase name="testBrowser" time="9.619" classname="com.vc.automationScript.JustTestFramework"/>
</testsuite> <!-- com.vc.automationScript.JustTestFramework -->
