<?xml version="1.0" encoding="UTF-8"?>
<!-- Generated by org.testng.reporters.JUnitReportReporter -->
<testsuite skipped="0" hostname="MUMW7L249" name="com.lcec.automationScript.userManger.UserManagerScriptDemo" tests="4" failures="0" timestamp="19 Apr 2017 10:18:45 GMT" time="70.603" errors="0">
  <testcase name="backButtionTest" time="23.786" classname="com.lcec.automationScript.userManger.UserManagerScriptDemo"/>
  <testcase name="loginCEC_Test" time="2.604" classname="com.lcec.automationScript.userManger.UserManagerScriptDemo"/>
  <testcase name="createNewUserTest" time="25.693" classname="com.lcec.automationScript.userManger.UserManagerScriptDemo"/>
  <testcase name="requiredFieldTest" time="18.520" classname="com.lcec.automationScript.userManger.UserManagerScriptDemo"/>
</testsuite> <!-- com.lcec.automationScript.userManger.UserManagerScriptDemo -->
