<?xml version="1.0" encoding="UTF-8"?>
<!-- Generated by org.testng.reporters.JUnitReportReporter -->
<testsuite skipped="0" hostname="MUMW7L249" name="com.lcec.automationScript.userManger.UserManagerScript" tests="4" failures="0" timestamp="19 Apr 2017 12:27:49 GMT" time="191.768" errors="0">
  <testcase name="requiredFieldTest" time="41.792" classname="com.lcec.automationScript.userManger.UserManagerScript"/>
  <testcase name="loginCEC_Test" time="15.318" classname="com.lcec.automationScript.userManger.UserManagerScript"/>
  <testcase name="createNewUserTest" time="93.827" classname="com.lcec.automationScript.userManger.UserManagerScript"/>
  <testcase name="backButtionTest" time="40.831" classname="com.lcec.automationScript.userManger.UserManagerScript"/>
</testsuite> <!-- com.lcec.automationScript.userManger.UserManagerScript -->
