<?xml version="1.0" encoding="UTF-8"?>
<!-- Generated by org.testng.reporters.JUnitReportReporter -->
<testsuite hostname="MUMW7L214" name="com.vc.test.OnlineSetUPTest" tests="1" failures="0" timestamp="2 Dec 2016 12:24:08 GMT" time="68.646" errors="0">
  <testcase name="LoginToSite" time="68.646" classname="com.vc.test.OnlineSetUPTest"/>
</testsuite> <!-- com.vc.test.OnlineSetUPTest -->
