<?xml version="1.0" encoding="UTF-8"?>
<!-- Generated by org.testng.reporters.JUnitReportReporter -->
<testsuite skipped="0" hostname="MUMW7L249" name="com.vc.automationScript.SearchManager_SmokeTest" tests="2" failures="0" timestamp="18 Apr 2017 12:44:27 GMT" time="122.207" errors="0">
  <testcase name="grantAdministratorPermissionsTest" time="87.613" classname="com.vc.automationScript.SearchManager_SmokeTest"/>
  <testcase name="searchUserTest" time="34.594" classname="com.vc.automationScript.SearchManager_SmokeTest"/>
</testsuite> <!-- com.vc.automationScript.SearchManager_SmokeTest -->
