<?xml version="1.0" encoding="UTF-8"?>
<!-- Generated by org.testng.reporters.JUnitReportReporter -->
<testsuite hostname="MUMW7L214" name="com.vc.test.HomeTest" tests="6" failures="0" timestamp="15 Dec 2016 12:28:40 GMT" time="15.186" errors="0">
  <testcase name="testHeader" time="9.505" classname="com.vc.test.HomeTest"/>
  <testcase name="testVIPTitle" time="1.118" classname="com.vc.test.HomeTest"/>
  <testcase name="testVIPMessage" time="1.093" classname="com.vc.test.HomeTest"/>
  <testcase name="testVIPImage" time="1.149" classname="com.vc.test.HomeTest"/>
  <testcase name="testVIPSignature" time="1.132" classname="com.vc.test.HomeTest"/>
  <testcase name="testSlideShow" time="1.189" classname="com.vc.test.HomeTest"/>
</testsuite> <!-- com.vc.test.HomeTest -->
