<?xml version="1.0" encoding="UTF-8"?>
<!-- Generated by org.testng.reporters.JUnitReportReporter -->
<testsuite skipped="0" hostname="MUMW7L249" name="com.vc.automationScript.UserManager" tests="5" failures="0" timestamp="17 Apr 2017 08:01:28 GMT" time="61.319" errors="0">
  <testcase name="requiredFieldTest" time="17.127" classname="com.vc.automationScript.UserManager"/>
  <testcase name="createNewUserTest" time="21.716" classname="com.vc.automationScript.UserManager"/>
  <testcase name="backButtionTest" time="18.258" classname="com.vc.automationScript.UserManager"/>
  <testcase name="loginCEC_Test" time="4.110" classname="com.vc.automationScript.UserManager"/>
  <testcase name="searchUserTest" time="0.108" classname="com.vc.automationScript.UserManager"/>
</testsuite> <!-- com.vc.automationScript.UserManager -->
