<?xml version="1.0" encoding="UTF-8"?>
<!-- Generated by org.testng.reporters.JUnitReportReporter -->
<testsuite skipped="0" hostname="MUMW7L249" name="com.lcec.automationScript.UserManger.SearchUserScript" tests="3" failures="0" timestamp="24 Apr 2017 07:46:39 GMT" time="130.796" errors="0">
  <testcase name="getRestPasswordTest" time="29.151" classname="com.lcec.automationScript.UserManger.SearchUserScript"/>
  <testcase name="allPermissionTest" time="77.055" classname="com.lcec.automationScript.UserManger.SearchUserScript"/>
  <testcase name="searchUserTest" time="24.590" classname="com.lcec.automationScript.UserManger.SearchUserScript"/>
</testsuite> <!-- com.lcec.automationScript.UserManger.SearchUserScript -->
