<?xml version="1.0" encoding="UTF-8"?>
<!-- Generated by org.testng.reporters.JUnitReportReporter -->
<testsuite skipped="0" hostname="MUMW7L249" name="com.lcec.automationScript.UserManger.CreatUserScript" tests="5" failures="0" timestamp="24 Apr 2017 07:46:39 GMT" time="138.561" errors="0">
  <testcase name="loginCEC_NGTest" time="4.398" classname="com.lcec.automationScript.UserManger.CreatUserScript"/>
  <testcase name="createNewUserTest" time="86.104" classname="com.lcec.automationScript.UserManger.CreatUserScript"/>
  <testcase name="loginlCEC_Test" time="4.641" classname="com.lcec.automationScript.UserManger.CreatUserScript"/>
  <testcase name="backButtionTest" time="23.722" classname="com.lcec.automationScript.UserManger.CreatUserScript"/>
  <testcase name="requiredFieldTest" time="19.696" classname="com.lcec.automationScript.UserManger.CreatUserScript"/>
</testsuite> <!-- com.lcec.automationScript.UserManger.CreatUserScript -->
